<?xml version="1.0" encoding="UTF-8"?>
<!-- Generated by org.testng.reporters.JUnitXMLReporter -->
<testsuite ignored="0" hostname="Tamerlan-ThinkPad" failures="0" tests="4" name="mainTest" time="36.754" errors="0" timestamp="2020-07-21T16:32:58 EDT">
  <testcase classname="project.validateTitleTest" name="home" time="0.633"/>
  <testcase classname="project.validateNavBarTest" name="home" time="0.919"/>
  <testcase classname="project.mainPageTest" name="home" time="22.747"/>
  <testcase classname="project.mainPageTest" name="home" time="13.971"/>
</testsuite> <!-- mainTest -->
