<?xml version="1.0" encoding="UTF-8"?>
<!-- Generated by org.testng.reporters.JUnitXMLReporter -->
<testsuite ignored="0" hostname="Tamerlan-ThinkPad" failures="0" tests="4" name="Test" time="48.285" errors="0" timestamp="2020-07-21T10:06:22 EDT">
  <testcase classname="project.mainPageTest" name="home" time="15.273"/>
  <testcase classname="project.mainPageTest" name="home" time="16.321"/>
  <testcase classname="project.validateNavBarTest" name="home" time="0.13"/>
  <testcase classname="project.validateTitleTest" name="home" time="0.055"/>
</testsuite> <!-- Test -->
