<?xml version="1.0" encoding="UTF-8"?>
<!-- Generated by org.testng.reporters.JUnitXMLReporter -->
<testsuite ignored="0" hostname="Tamerlan-ThinkPad" failures="0" tests="4" name="mainTest" time="34.45" errors="0" timestamp="2020-07-24T13:53:04 EDT">
  <testcase classname="project.validateTitleTest" name="home" time="1.975"/>
  <testcase classname="project.validateNavBarTest" name="home" time="1.919"/>
  <testcase classname="project.mainPageTest" name="home" time="18.539"/>
  <testcase classname="project.mainPageTest" name="home" time="15.864"/>
</testsuite> <!-- mainTest -->
