<?xml version="1.0" encoding="UTF-8"?>
<!-- Generated by org.testng.reporters.JUnitXMLReporter -->
<testsuite ignored="0" hostname="Tamerlan-ThinkPad" failures="2" tests="2" name="mainPage" time="11.712" errors="0" timestamp="2020-07-21T01:40:29 EDT">
  <testcase classname="project.mainPageTest" name="home" time="6.11">
    <failure type="java.lang.NullPointerException">
      <![CDATA[java.lang.NullPointerException
at project.mainPageTest.home(mainPageTest.java:32)
at java.base/java.util.ArrayList.forEach(ArrayList.java:1540)
... Removed 31 stack frames]]>
    </failure>
  </testcase> <!-- home -->
  <testcase classname="project.mainPageTest" name="home" time="5.542">
    <failure type="java.lang.NullPointerException">
      <![CDATA[java.lang.NullPointerException
at project.mainPageTest.home(mainPageTest.java:32)
at java.base/java.util.ArrayList.forEach(ArrayList.java:1540)
... Removed 31 stack frames]]>
    </failure>
  </testcase> <!-- home -->
</testsuite> <!-- mainPage -->
