<?xml version="1.0" encoding="UTF-8"?>
<!-- Generated by org.testng.reporters.JUnitXMLReporter -->
<testsuite ignored="0" hostname="Tamerlan-ThinkPad" failures="0" tests="4" name="Test" time="6.21" errors="0" timestamp="2020-07-21T01:42:10 EDT">
  <testcase classname="project.validateNavBarTest" name="@BeforeTest initialize" time="6.106">
    <failure type="java.lang.NullPointerException">
      <![CDATA[java.lang.NullPointerException
at project.validateNavBarTest.initialize(validateNavBarTest.java:22)
... Removed 28 stack frames]]>
    </failure>
  </testcase> <!-- @BeforeTest initialize -->
  <testcase classname="project.validateTitleTest" name="@BeforeTest initialize" time="-1.595310130248E9">
    <skipped/>
  </testcase> <!-- @BeforeTest initialize -->
  <testcase classname="project.validateNavBarTest" name="@AfterTest close" time="-1.595310130333E9">
    <skipped/>
  </testcase> <!-- @AfterTest close -->
  <testcase classname="project.validateTitleTest" name="@AfterTest close" time="-1.595310130333E9">
    <skipped/>
  </testcase> <!-- @AfterTest close -->
  <testcase classname="project.mainPageTest" name="home" time="0.0">
    <skipped/>
  </testcase> <!-- home -->
  <testcase classname="project.mainPageTest" name="home" time="0.0">
    <skipped/>
  </testcase> <!-- home -->
  <testcase classname="project.validateNavBarTest" name="home" time="0.0">
    <skipped/>
  </testcase> <!-- home -->
  <testcase classname="project.validateTitleTest" name="home" time="0.0">
    <skipped/>
  </testcase> <!-- home -->
</testsuite> <!-- Test -->
