<?xml version="1.0" encoding="UTF-8"?>
<!-- Generated by org.testng.reporters.JUnitXMLReporter -->
<testsuite ignored="0" hostname="Tamerlan-ThinkPad" failures="0" tests="1" name="ValideateTitle" time="5.673" errors="0" timestamp="2020-07-21T01:40:41 EDT">
  <testcase classname="project.validateTitleTest" name="@BeforeTest initialize" time="5.672">
    <failure type="java.lang.NullPointerException">
      <![CDATA[java.lang.NullPointerException
at project.validateTitleTest.initialize(validateTitleTest.java:22)
... Removed 28 stack frames]]>
    </failure>
  </testcase> <!-- @BeforeTest initialize -->
  <testcase classname="project.validateTitleTest" name="@AfterTest close" time="-1.595310041038E9">
    <skipped/>
  </testcase> <!-- @AfterTest close -->
  <testcase classname="project.validateTitleTest" name="home" time="0.0">
    <skipped/>
  </testcase> <!-- home -->
</testsuite> <!-- ValideateTitle -->
