<?xml version="1.0" encoding="UTF-8"?>
<testsuite xmlns:xsi="http://www.w3.org/2001/XMLSchema-instance" xsi:noNamespaceSchemaLocation="https://maven.apache.org/surefire/maven-surefire-plugin/xsd/surefire-test-report-3.0.xsd" version="3.0" name="TestSuite" time="36.643" tests="4" errors="0" skipped="0" failures="0">
  <properties>
[...]
</properties>
  <testcase name="home" classname="project.validateTitleTest" time="1.687">
    <system-err><![CDATA[SSStttaaarrtritingtn gCi hnChrgroo mmCeDehriDrvroievremr e 8D38.3r.0i.04v.14e010r33 .8.33.039.9  4((cc1ccb0bff0301111.c3bc92b d(22cbc1d9bb25f0b061d1819c4bb42540d00264db838189641b4344520c020064cd8d3-88r6e4f41s/34br40a0n428cc328h0-6hc1ead3d-s4r/421e0c3f2s@0{/c#4db1-rr6ae})fn so/nbcr pahnorc-th- hh3e3ae0ds3a/641d0
3Os@n{l#4y1 /6l}o)4c 1aoln0  pc3oo@nrnt{ ec#3t945io911ns6
 Oa}rn)ley  a llolonoc awlpe orcdto.n 
n3P4elc6e7ti8aos
nesO  nalsyreee l  oaclhaltolw tecodpn.nse
:cP/tl/iecaosnhes r soeaerme h etadtllrposwi:e/v/dec.hrr
.oPlcmeehadsrreoi mvseeier. uhchtmtr.poosmri:g/u//msc.eohcrurgro/imsteeycdu-rrciiotvyn-escroind.seicrdahetrriaotoimnoisns u ffmoo.rr  ossurugggg/egsseteisoctnusir oiontn ys-kc ooenensp iikdneeger paCithnrigoom neCsDhr irvfoeomrr es Darsfiuev.geg
re sstafioen.s 
on keeping ChromeDriver safe.
ChrCohCmrohemrDeoDrmriiveevDerrr  iwwvaase ssr t asrwttaeasdr  tssuetcdca erssstfueucdl lcys.uec
csesssffululllyy..

[1595613151.145][WARNING]: This version of ChromeDriver has not been tested with Chrome version 84.
[1595613151.155][WARNING]: This version of ChromeDriver has not been tested with Chrome version 84.
[1595613151.180][WARNING]: This version of ChromeDriver has not been tested with Chrome version 84.
Jul 24, 2020 1:52:33 PM org.openqa.selenium.remote.ProtocolHandshake createSession
INFO: Detected dialect: W3C
Jul 24, 2020 1:52:33 PM org.openqa.selenium.remote.ProtocolHandshake createSession
INFO: Detected dialect: W3C
Jul 24, 2020 1:52:33 PM org.openqa.selenium.remote.ProtocolHandshake createSession
INFO: Detected dialect: W3C
]]></system-err>
  </testcase>
  <testcase name="home" classname="project.validateNavBarTest" time="1.92"/>
  <testcase name="home[nick@gmail.com, positive](1)" classname="project.mainPageTest" time="8.795"/>
  <testcase name="home[negative@gmail.com, negative](2)" classname="project.mainPageTest" time="15.87">
    <system-err><![CDATA[Starting ChromeDriver 83.0.4103.39 (ccbf011cb2d2b19b506d844400483861342c20cd-refs/branch-heads/4103@{#416}) on port 48542
Only local connections are allowed.
Please see https://chromedriver.chromium.org/security-considerations for suggestions on keeping ChromeDriver safe.
ChromeDriver was started successfully.
[1595613168.429][WARNING]: This version of ChromeDriver has not been tested with Chrome version 84.
Jul 24, 2020 1:52:50 PM org.openqa.selenium.remote.ProtocolHandshake createSession
INFO: Detected dialect: W3C
]]></system-err>
  </testcase>
</testsuite>