<?xml version="1.0" encoding="UTF-8"?>
<testng-results ignored="0" total="2" passed="2" failed="0" skipped="0">
  <reporter-output>
  </reporter-output>
  <suite started-at="2020-07-24T13:52:28 EDT" name="Suite" finished-at="2020-07-24T13:53:03 EDT" duration-ms="34450">
    <groups>
    </groups>
    <test started-at="2020-07-24T13:52:28 EDT" name="mainTest" finished-at="2020-07-24T13:53:03 EDT" duration-ms="34450">
      <class name="project.mainPageTest">
        <test-method signature="home(java.lang.String, java.lang.String)[pri:0, instance:project.mainPageTest@f667fe]" started-at="2020-07-24T13:52:28 EDT" name="home" data-provider="data" finished-at="2020-07-24T13:52:47 EDT" duration-ms="18539" status="PASS">
          <params>
            <param index="0">
              <value>
                <![CDATA[nick@gmail.com]]>
              </value>
            </param>
            <param index="1">
              <value>
                <![CDATA[positive]]>
              </value>
            </param>
          </params>
          <reporter-output>
          </reporter-output>
        </test-method> <!-- home -->
        <test-method signature="home(java.lang.String, java.lang.String)[pri:0, instance:project.mainPageTest@f667fe]" started-at="2020-07-24T13:52:47 EDT" name="home" data-provider="data" finished-at="2020-07-24T13:53:03 EDT" duration-ms="15864" status="PASS">
          <params>
            <param index="0">
              <value>
                <![CDATA[negative@gmail.com]]>
              </value>
            </param>
            <param index="1">
              <value>
                <![CDATA[negative]]>
              </value>
            </param>
          </params>
          <reporter-output>
          </reporter-output>
        </test-method> <!-- home -->
      </class> <!-- project.mainPageTest -->
    </test> <!-- mainTest -->
  </suite> <!-- Suite -->
</testng-results>
